build/app/intermediates/manifest_merge_blame_file/debug/manifest-merger-blame-debug-report.txt
1<?xml version="1.0" encoding="utf-8"?>
2<manifest xmlns:android="http://schemas.android.com/apk/res/android"
3    package="com.example.try_firbs"
4    android:versionCode="1"
5    android:versionName="1.0.0" >
6
7    <uses-sdk
8        android:minSdkVersion="19"
9        android:targetSdkVersion="33" />
10    <!--
11         The INTERNET permission is required for development. Specifically,
12         the Flutter tool needs it to communicate with the running application
13         to allow setting breakpoints, to provide hot reload, etc.
14    -->
15    <uses-permission android:name="android.permission.INTERNET" />
15-->src/debug/AndroidManifest.xml:7:5-66
15-->src/debug/AndroidManifest.xml:7:22-64
16    <uses-permission android:name="android.permission.WAKE_LOCK" />
16-->[:firebase_messaging] AndroidManifest.xml:10:5-68
16-->[:firebase_messaging] AndroidManifest.xml:10:22-65
17    <uses-permission android:name="android.permission.ACCESS_NETWORK_STATE" /> <!-- Permissions options for the `notification` group -->
17-->[:firebase_messaging] AndroidManifest.xml:11:5-79
17-->[:firebase_messaging] AndroidManifest.xml:11:22-76
18    <uses-permission android:name="android.permission.POST_NOTIFICATIONS" />
18-->[:firebase_messaging] AndroidManifest.xml:13:5-77
18-->[:firebase_messaging] AndroidManifest.xml:13:22-74
19    <uses-permission android:name="android.permission.RECEIVE_BOOT_COMPLETED" />
19-->[:flutter_local_notifications] AndroidManifest.xml:9:5-81
19-->[:flutter_local_notifications] AndroidManifest.xml:9:22-78
20    <uses-permission android:name="android.permission.VIBRATE" />
20-->[:flutter_local_notifications] AndroidManifest.xml:10:5-66
20-->[:flutter_local_notifications] AndroidManifest.xml:10:22-63
21    <uses-permission android:name="android.permission.USE_FULL_SCREEN_INTENT" />
21-->[:flutter_local_notifications] AndroidManifest.xml:11:5-81
21-->[:flutter_local_notifications] AndroidManifest.xml:11:22-78
22    <uses-permission android:name="android.permission.SCHEDULE_EXACT_ALARM" /> <!-- Required by older versions of Google Play services to create IID tokens -->
22-->[:flutter_local_notifications] AndroidManifest.xml:12:5-79
22-->[:flutter_local_notifications] AndroidManifest.xml:12:22-76
23    <uses-permission android:name="com.google.android.c2dm.permission.RECEIVE" />
23-->[com.google.firebase:firebase-iid:21.1.0] AndroidManifest.xml:26:5-82
23-->[com.google.firebase:firebase-iid:21.1.0] AndroidManifest.xml:26:22-79
24
25    <application
26        android:name="android.app.Application"
27        android:appComponentFactory="androidx.core.app.CoreComponentFactory"
27-->[androidx.core:core:1.6.0] AndroidManifest.xml:24:18-86
28        android:debuggable="true"
29        android:icon="@mipmap/ic_launcher"
30        android:label="try_firbs" >
31        <activity
32            android:name="com.example.try_firbs.MainActivity"
33            android:configChanges="orientation|keyboardHidden|keyboard|screenSize|smallestScreenSize|locale|layoutDirection|fontScale|screenLayout|density|uiMode"
34            android:exported="true"
35            android:hardwareAccelerated="true"
36            android:launchMode="singleTop"
37            android:theme="@style/LaunchTheme"
38            android:windowSoftInputMode="adjustResize" >
39
40            <!--
41                 Specifies an Android theme to apply to this Activity as soon as
42                 the Android process has started. This theme is visible to the user
43                 while the Flutter UI initializes. After that, this theme continues
44                 to determine the Window background behind the Flutter UI.
45            -->
46            <meta-data
47                android:name="io.flutter.embedding.android.NormalTheme"
48                android:resource="@style/NormalTheme" />
49            <!-- <meta-data android:name="com.google.firebase.messaging.default_notification_channel_id" android:value="try_firbs"/> -->
50
51            <intent-filter>
52                <action android:name="android.intent.action.MAIN" />
53
54                <category android:name="android.intent.category.LAUNCHER" />
55            </intent-filter>
56        </activity>
57        <!--
58             Don't delete the meta-data below.
59             This is used by the Flutter tool to generate GeneratedPluginRegistrant.java
60        -->
61        <meta-data
62            android:name="flutterEmbedding"
63            android:value="2" />
64
65        <service
65-->[:firebase_messaging] AndroidManifest.xml:16:9-19:72
66            android:name="io.flutter.plugins.firebase.messaging.FlutterFirebaseMessagingBackgroundService"
66-->[:firebase_messaging] AndroidManifest.xml:17:13-107
67            android:exported="false"
67-->[:firebase_messaging] AndroidManifest.xml:18:13-37
68            android:permission="android.permission.BIND_JOB_SERVICE" />
68-->[:firebase_messaging] AndroidManifest.xml:19:13-69
69        <service
69-->[:firebase_messaging] AndroidManifest.xml:20:9-26:19
70            android:name="io.flutter.plugins.firebase.messaging.FlutterFirebaseMessagingService"
70-->[:firebase_messaging] AndroidManifest.xml:21:13-97
71            android:exported="false" >
71-->[:firebase_messaging] AndroidManifest.xml:22:13-37
72            <intent-filter>
72-->[:firebase_messaging] AndroidManifest.xml:23:13-25:29
73                <action android:name="com.google.firebase.MESSAGING_EVENT" />
73-->[:firebase_messaging] AndroidManifest.xml:24:17-78
73-->[:firebase_messaging] AndroidManifest.xml:24:25-75
74            </intent-filter>
75        </service>
76
77        <receiver
77-->[:firebase_messaging] AndroidManifest.xml:28:9-35:20
78            android:name="io.flutter.plugins.firebase.messaging.FlutterFirebaseMessagingReceiver"
78-->[:firebase_messaging] AndroidManifest.xml:29:13-98
79            android:exported="true"
79-->[:firebase_messaging] AndroidManifest.xml:30:13-36
80            android:permission="com.google.android.c2dm.permission.SEND" >
80-->[:firebase_messaging] AndroidManifest.xml:31:13-73
81            <intent-filter>
81-->[:firebase_messaging] AndroidManifest.xml:32:13-34:29
82                <action android:name="com.google.android.c2dm.intent.RECEIVE" />
82-->[:firebase_messaging] AndroidManifest.xml:33:17-81
82-->[:firebase_messaging] AndroidManifest.xml:33:25-78
83            </intent-filter>
84        </receiver>
85
86        <service
86-->[:firebase_messaging] AndroidManifest.xml:37:9-41:19
87            android:name="com.google.firebase.components.ComponentDiscoveryService"
87-->[:firebase_messaging] AndroidManifest.xml:37:18-89
88            android:directBootAware="true"
88-->[com.google.firebase:firebase-common:20.3.0] AndroidManifest.xml:34:13-43
89            android:exported="false" >
89-->[com.google.firebase:firebase-iid:21.1.0] AndroidManifest.xml:31:13-37
90            <meta-data
90-->[:firebase_messaging] AndroidManifest.xml:38:13-40:85
91                android:name="com.google.firebase.components:io.flutter.plugins.firebase.messaging.FlutterFirebaseAppRegistrar"
91-->[:firebase_messaging] AndroidManifest.xml:39:17-128
92                android:value="com.google.firebase.components.ComponentRegistrar" />
92-->[:firebase_messaging] AndroidManifest.xml:40:17-82
93            <meta-data
93-->[:firebase_core] AndroidManifest.xml:11:13-13:85
94                android:name="com.google.firebase.components:io.flutter.plugins.firebase.core.FlutterFirebaseCoreRegistrar"
94-->[:firebase_core] AndroidManifest.xml:12:17-124
95                android:value="com.google.firebase.components.ComponentRegistrar" />
95-->[:firebase_core] AndroidManifest.xml:13:17-82
96            <meta-data
96-->[com.google.firebase:firebase-iid:21.1.0] AndroidManifest.xml:32:13-34:85
97                android:name="com.google.firebase.components:com.google.firebase.iid.Registrar"
97-->[com.google.firebase:firebase-iid:21.1.0] AndroidManifest.xml:33:17-96
98                android:value="com.google.firebase.components.ComponentRegistrar" />
98-->[com.google.firebase:firebase-iid:21.1.0] AndroidManifest.xml:34:17-82
99            <meta-data
99-->[com.google.firebase:firebase-messaging:23.1.1] AndroidManifest.xml:55:13-57:85
100                android:name="com.google.firebase.components:com.google.firebase.messaging.FirebaseMessagingRegistrar"
100-->[com.google.firebase:firebase-messaging:23.1.1] AndroidManifest.xml:56:17-119
101                android:value="com.google.firebase.components.ComponentRegistrar" />
101-->[com.google.firebase:firebase-messaging:23.1.1] AndroidManifest.xml:57:17-82
102            <meta-data
102-->[com.google.firebase:firebase-installations:17.1.2] AndroidManifest.xml:17:13-19:85
103                android:name="com.google.firebase.components:com.google.firebase.installations.FirebaseInstallationsRegistrar"
103-->[com.google.firebase:firebase-installations:17.1.2] AndroidManifest.xml:18:17-127
104                android:value="com.google.firebase.components.ComponentRegistrar" />
104-->[com.google.firebase:firebase-installations:17.1.2] AndroidManifest.xml:19:17-82
105            <meta-data
105-->[com.google.firebase:firebase-datatransport:18.1.7] AndroidManifest.xml:27:13-29:85
106                android:name="com.google.firebase.components:com.google.firebase.datatransport.TransportRegistrar"
106-->[com.google.firebase:firebase-datatransport:18.1.7] AndroidManifest.xml:28:17-115
107                android:value="com.google.firebase.components.ComponentRegistrar" />
107-->[com.google.firebase:firebase-datatransport:18.1.7] AndroidManifest.xml:29:17-82
108        </service>
109
110        <provider
110-->[:firebase_messaging] AndroidManifest.xml:43:9-47:38
111            android:name="io.flutter.plugins.firebase.messaging.FlutterFirebaseMessagingInitProvider"
111-->[:firebase_messaging] AndroidManifest.xml:44:13-102
112            android:authorities="com.example.try_firbs.flutterfirebasemessaginginitprovider"
112-->[:firebase_messaging] AndroidManifest.xml:45:13-88
113            android:exported="false"
113-->[:firebase_messaging] AndroidManifest.xml:46:13-37
114            android:initOrder="99" />
114-->[:firebase_messaging] AndroidManifest.xml:47:13-35
115
116        <receiver
116-->[:flutter_local_notifications] AndroidManifest.xml:16:9-18:40
117            android:name="com.dexterous.flutterlocalnotifications.ActionBroadcastReceiver"
117-->[:flutter_local_notifications] AndroidManifest.xml:17:13-91
118            android:exported="false" />
118-->[:flutter_local_notifications] AndroidManifest.xml:18:13-37
119        <receiver
119-->[:flutter_local_notifications] AndroidManifest.xml:19:9-21:40
120            android:name="com.dexterous.flutterlocalnotifications.ScheduledNotificationReceiver"
120-->[:flutter_local_notifications] AndroidManifest.xml:20:13-97
121            android:exported="false" />
121-->[:flutter_local_notifications] AndroidManifest.xml:21:13-37
122        <receiver
122-->[:flutter_local_notifications] AndroidManifest.xml:22:9-31:20
123            android:name="com.dexterous.flutterlocalnotifications.ScheduledNotificationBootReceiver"
123-->[:flutter_local_notifications] AndroidManifest.xml:23:13-101
124            android:exported="false" >
124-->[:flutter_local_notifications] AndroidManifest.xml:24:13-37
125            <intent-filter>
125-->[:flutter_local_notifications] AndroidManifest.xml:25:13-30:29
126                <action android:name="android.intent.action.BOOT_COMPLETED" />
126-->[:flutter_local_notifications] AndroidManifest.xml:26:17-79
126-->[:flutter_local_notifications] AndroidManifest.xml:26:25-76
127                <action android:name="android.intent.action.MY_PACKAGE_REPLACED" />
127-->[:flutter_local_notifications] AndroidManifest.xml:27:17-84
127-->[:flutter_local_notifications] AndroidManifest.xml:27:25-81
128                <action android:name="android.intent.action.QUICKBOOT_POWERON" />
128-->[:flutter_local_notifications] AndroidManifest.xml:28:17-82
128-->[:flutter_local_notifications] AndroidManifest.xml:28:25-79
129                <action android:name="com.htc.intent.action.QUICKBOOT_POWERON" />
129-->[:flutter_local_notifications] AndroidManifest.xml:29:17-82
129-->[:flutter_local_notifications] AndroidManifest.xml:29:25-79
130            </intent-filter>
131        </receiver>
132
133        <uses-library
133-->[androidx.window:window:1.0.0-beta04] AndroidManifest.xml:25:9-27:40
134            android:name="androidx.window.extensions"
134-->[androidx.window:window:1.0.0-beta04] AndroidManifest.xml:26:13-54
135            android:required="false" />
135-->[androidx.window:window:1.0.0-beta04] AndroidManifest.xml:27:13-37
136        <uses-library
136-->[androidx.window:window:1.0.0-beta04] AndroidManifest.xml:28:9-30:40
137            android:name="androidx.window.sidecar"
137-->[androidx.window:window:1.0.0-beta04] AndroidManifest.xml:29:13-51
138            android:required="false" />
138-->[androidx.window:window:1.0.0-beta04] AndroidManifest.xml:30:13-37
139
140        <receiver
140-->[com.google.firebase:firebase-messaging:23.1.1] AndroidManifest.xml:31:9-38:20
141            android:name="com.google.firebase.iid.FirebaseInstanceIdReceiver"
141-->[com.google.firebase:firebase-messaging:23.1.1] AndroidManifest.xml:32:13-78
142            android:exported="true"
142-->[com.google.firebase:firebase-messaging:23.1.1] AndroidManifest.xml:33:13-36
143            android:permission="com.google.android.c2dm.permission.SEND" >
143-->[com.google.firebase:firebase-messaging:23.1.1] AndroidManifest.xml:34:13-73
144            <intent-filter>
144-->[:firebase_messaging] AndroidManifest.xml:32:13-34:29
145                <action android:name="com.google.android.c2dm.intent.RECEIVE" />
145-->[:firebase_messaging] AndroidManifest.xml:33:17-81
145-->[:firebase_messaging] AndroidManifest.xml:33:25-78
146            </intent-filter>
147        </receiver>
148        <!--
149             FirebaseMessagingService performs security checks at runtime,
150             but set to not exported to explicitly avoid allowing another app to call it.
151        -->
152        <service
152-->[com.google.firebase:firebase-messaging:23.1.1] AndroidManifest.xml:44:9-51:19
153            android:name="com.google.firebase.messaging.FirebaseMessagingService"
153-->[com.google.firebase:firebase-messaging:23.1.1] AndroidManifest.xml:45:13-82
154            android:directBootAware="true"
154-->[com.google.firebase:firebase-messaging:23.1.1] AndroidManifest.xml:46:13-43
155            android:exported="false" >
155-->[com.google.firebase:firebase-messaging:23.1.1] AndroidManifest.xml:47:13-37
156            <intent-filter android:priority="-500" >
156-->[:firebase_messaging] AndroidManifest.xml:23:13-25:29
157                <action android:name="com.google.firebase.MESSAGING_EVENT" />
157-->[:firebase_messaging] AndroidManifest.xml:24:17-78
157-->[:firebase_messaging] AndroidManifest.xml:24:25-75
158            </intent-filter>
159        </service>
160
161        <provider
161-->[com.google.firebase:firebase-common:20.3.0] AndroidManifest.xml:25:9-30:39
162            android:name="com.google.firebase.provider.FirebaseInitProvider"
162-->[com.google.firebase:firebase-common:20.3.0] AndroidManifest.xml:26:13-77
163            android:authorities="com.example.try_firbs.firebaseinitprovider"
163-->[com.google.firebase:firebase-common:20.3.0] AndroidManifest.xml:27:13-72
164            android:directBootAware="true"
164-->[com.google.firebase:firebase-common:20.3.0] AndroidManifest.xml:28:13-43
165            android:exported="false"
165-->[com.google.firebase:firebase-common:20.3.0] AndroidManifest.xml:29:13-37
166            android:initOrder="100" />
166-->[com.google.firebase:firebase-common:20.3.0] AndroidManifest.xml:30:13-36
167
168        <activity
168-->[com.google.android.gms:play-services-base:18.0.1] AndroidManifest.xml:20:9-22:45
169            android:name="com.google.android.gms.common.api.GoogleApiActivity"
169-->[com.google.android.gms:play-services-base:18.0.1] AndroidManifest.xml:20:19-85
170            android:exported="false"
170-->[com.google.android.gms:play-services-base:18.0.1] AndroidManifest.xml:22:19-43
171            android:theme="@android:style/Theme.Translucent.NoTitleBar" />
171-->[com.google.android.gms:play-services-base:18.0.1] AndroidManifest.xml:21:19-78
172
173        <meta-data
173-->[com.google.android.gms:play-services-basement:18.1.0] AndroidManifest.xml:21:9-23:69
174            android:name="com.google.android.gms.version"
174-->[com.google.android.gms:play-services-basement:18.1.0] AndroidManifest.xml:22:13-58
175            android:value="@integer/google_play_services_version" />
175-->[com.google.android.gms:play-services-basement:18.1.0] AndroidManifest.xml:23:13-66
176
177        <service
177-->[com.google.android.datatransport:transport-backend-cct:3.1.8] AndroidManifest.xml:28:9-34:19
178            android:name="com.google.android.datatransport.runtime.backends.TransportBackendDiscovery"
178-->[com.google.android.datatransport:transport-backend-cct:3.1.8] AndroidManifest.xml:29:13-103
179            android:exported="false" >
179-->[com.google.android.datatransport:transport-backend-cct:3.1.8] AndroidManifest.xml:30:13-37
180            <meta-data
180-->[com.google.android.datatransport:transport-backend-cct:3.1.8] AndroidManifest.xml:31:13-33:39
181                android:name="backend:com.google.android.datatransport.cct.CctBackendFactory"
181-->[com.google.android.datatransport:transport-backend-cct:3.1.8] AndroidManifest.xml:32:17-94
182                android:value="cct" />
182-->[com.google.android.datatransport:transport-backend-cct:3.1.8] AndroidManifest.xml:33:17-36
183        </service>
184        <service
184-->[com.google.android.datatransport:transport-runtime:3.1.8] AndroidManifest.xml:26:9-30:19
185            android:name="com.google.android.datatransport.runtime.scheduling.jobscheduling.JobInfoSchedulerService"
185-->[com.google.android.datatransport:transport-runtime:3.1.8] AndroidManifest.xml:27:13-117
186            android:exported="false"
186-->[com.google.android.datatransport:transport-runtime:3.1.8] AndroidManifest.xml:28:13-37
187            android:permission="android.permission.BIND_JOB_SERVICE" >
187-->[com.google.android.datatransport:transport-runtime:3.1.8] AndroidManifest.xml:29:13-69
188        </service>
189
190        <receiver
190-->[com.google.android.datatransport:transport-runtime:3.1.8] AndroidManifest.xml:32:9-34:40
191            android:name="com.google.android.datatransport.runtime.scheduling.jobscheduling.AlarmManagerSchedulerBroadcastReceiver"
191-->[com.google.android.datatransport:transport-runtime:3.1.8] AndroidManifest.xml:33:13-132
192            android:exported="false" />
192-->[com.google.android.datatransport:transport-runtime:3.1.8] AndroidManifest.xml:34:13-37
193    </application>
194
195</manifest>